<?xml version="1.0" encoding="UTF-8"?>
<trace:TraceModel
    xmi:version="2.0"
    xmlns:xmi="http://www.omg.org/XMI"
    xmlns:trace="http://www.eclipse.org/gmf/2006/Trace">
  <nodeTraces
      visualID="2001"
      queryText="(let _eClass_:ecore::EClass = modelFacet.metaClass.ecoreClass in _eClass_.ePackage.nsURI = 'diagrama_concreta' and _eClass_.name = 'TCDClase') and (let _containmentMF_:ecore::EStructuralFeature = modelFacet.containmentMetaFeature.ecoreFeature in (let _eClass_:ecore::EClass = _containmentMF_.eContainingClass in _eClass_.ePackage.nsURI = 'diagrama_concreta' and _eClass_.name = 'TCDDiagramaClases') and _containmentMF_.name = 'listaClases')">
    <nodeLabelTraces
        visualID="5003"
        queryText="true"/>
    <compartmentTraces
        visualID="7001"
        queryText="true"/>
    <compartmentTraces
        visualID="7002"
        queryText="true"/>
  </nodeTraces>
  <nodeTraces
      visualID="2002"
      queryText="(let _eClass_:ecore::EClass = modelFacet.metaClass.ecoreClass in _eClass_.ePackage.nsURI = 'diagrama_concreta' and _eClass_.name = 'TCDPaquete') and (let _containmentMF_:ecore::EStructuralFeature = modelFacet.containmentMetaFeature.ecoreFeature in (let _eClass_:ecore::EClass = _containmentMF_.eContainingClass in _eClass_.ePackage.nsURI = 'diagrama_concreta' and _eClass_.name = 'TCDDiagramaClases') and _containmentMF_.name = 'listaPaquetes')">
    <nodeLabelTraces
        visualID="5004"
        queryText="true"/>
  </nodeTraces>
  <childNodeTraces
      visualID="3001"
      queryText="(let _eClass_:ecore::EClass = modelFacet.metaClass.ecoreClass in _eClass_.ePackage.nsURI = 'diagrama_concreta' and _eClass_.name = 'TCDAtributo') and (let _containmentMF_:ecore::EStructuralFeature = modelFacet.containmentMetaFeature.ecoreFeature in (let _eClass_:ecore::EClass = _containmentMF_.eContainingClass in _eClass_.ePackage.nsURI = 'diagrama_concreta' and _eClass_.name = 'TCDClase') and _containmentMF_.name = 'listaAtributos')">
    <nodeLabelTraces
        visualID="5001"
        queryText="true"/>
  </childNodeTraces>
  <childNodeTraces
      visualID="3002"
      queryText="(let _eClass_:ecore::EClass = modelFacet.metaClass.ecoreClass in _eClass_.ePackage.nsURI = 'diagrama_concreta' and _eClass_.name = 'TCDMetodo') and (let _containmentMF_:ecore::EStructuralFeature = modelFacet.containmentMetaFeature.ecoreFeature in (let _eClass_:ecore::EClass = _containmentMF_.eContainingClass in _eClass_.ePackage.nsURI = 'diagrama_concreta' and _eClass_.name = 'TCDClase') and _containmentMF_.name = 'listaMetodos')">
    <nodeLabelTraces
        visualID="5002"
        queryText="true"/>
  </childNodeTraces>
  <linkTraces
      visualID="4001"
      queryText="modelFacet.oclIsKindOf(gmfgen::TypeLinkModelFacet) and (let _eClass_:ecore::EClass = modelFacet.oclAsType(gmfgen::TypeLinkModelFacet).metaClass.ecoreClass in _eClass_.ePackage.nsURI = 'diagrama_concreta' and _eClass_.name = 'TCDAsociacion')"/>
  <linkTraces
      visualID="4002"
      queryText="modelFacet.oclIsKindOf(gmfgen::TypeLinkModelFacet) and (let _eClass_:ecore::EClass = modelFacet.oclAsType(gmfgen::TypeLinkModelFacet).metaClass.ecoreClass in _eClass_.ePackage.nsURI = 'diagrama_concreta' and _eClass_.name = 'TCDComposicion')"/>
  <linkTraces
      visualID="4003"
      queryText="modelFacet.oclIsKindOf(gmfgen::TypeLinkModelFacet) and (let _eClass_:ecore::EClass = modelFacet.oclAsType(gmfgen::TypeLinkModelFacet).metaClass.ecoreClass in _eClass_.ePackage.nsURI = 'diagrama_concreta' and _eClass_.name = 'TCDDependencia')"/>
  <linkTraces
      visualID="4004"
      queryText="modelFacet.oclIsKindOf(gmfgen::TypeLinkModelFacet) and (let _eClass_:ecore::EClass = modelFacet.oclAsType(gmfgen::TypeLinkModelFacet).metaClass.ecoreClass in _eClass_.ePackage.nsURI = 'diagrama_concreta' and _eClass_.name = 'TCDHerencia')"/>
  <linkTraces
      visualID="4005"
      queryText="modelFacet.oclIsKindOf(gmfgen::TypeLinkModelFacet) and (let _eClass_:ecore::EClass = modelFacet.oclAsType(gmfgen::TypeLinkModelFacet).metaClass.ecoreClass in _eClass_.ePackage.nsURI = 'diagrama_concreta' and _eClass_.name = 'TCDAgregacion')"/>
</trace:TraceModel>
